2014/07/22 21:22:56:[Info] Application started
2014/07/22 21:22:56:[Info] Debugging enabled
2014/07/22 21:22:56:[Info] Image loaded successfully
2014/07/22 21:39:56:[Info] Application started
2014/07/22 21:39:56:[Info] Debugging enabled
2014/07/22 21:39:56:[Info] Image loaded successfully
2014/07/22 21:40:32:[Info] Application started
2014/07/22 21:40:32:[Info] Debugging enabled
2014/07/22 21:40:32:[Info] Image loaded successfully
2014/07/22 21:40:36:[Info] Application started
2014/07/22 21:40:36:[Info] Debugging enabled
2014/07/22 21:40:36:[Info] Image loaded successfully
2014/07/22 21:40:36:[Info] #Max entries: 2653 pos of biggest area: 22
2014/07/22 21:41:46:[Info] Application started
2014/07/22 21:41:46:[Info] Debugging enabled
2014/07/22 21:41:46:[Info] Image loaded successfully
2014/07/22 21:41:46:[Info] #Max entries: 2653 
2014/07/22 21:41:46:[Info] Pos of biggest area: 22
2014/07/22 21:41:46:[Info] Areas in total: 56
2014/07/22 21:43:35:[Info] Application started
2014/07/22 21:43:35:[Info] Debugging enabled
2014/07/22 21:43:35:[Info] Image loaded successfully
2014/07/22 21:43:35:[Info] #Max entries: 2653 
2014/07/22 21:43:35:[Info] Pos of biggest area: 22
2014/07/22 21:43:35:[Info] Areas in total: 56
2014/07/22 21:50:00:[Info] Application started
2014/07/22 21:50:00:[Info] Debugging enabled
2014/07/22 21:50:00:[Info] Image loaded successfully
2014/07/22 21:50:00:[Info] #Max entries: 2653 
2014/07/22 21:50:00:[Info] Pos of biggest area: 22
2014/07/22 21:50:00:[Info] Areas in total: 56
2014/07/22 21:52:40:[Info] Application started
2014/07/22 21:52:40:[Info] Debugging enabled
2014/07/22 21:52:40:[Info] Image loaded successfully
2014/07/22 21:52:40:[Info] #Max entries: 2653 
2014/07/22 21:52:40:[Info] Pos of biggest area: 22
2014/07/22 21:52:40:[Info] Areas in total: 56
2014/07/22 21:53:17:[Info] Application started
2014/07/22 21:53:17:[Info] Debugging enabled
2014/07/22 21:53:17:[Info] Image loaded successfully
2014/07/22 21:53:17:[Info] #Max entries: 2653 
2014/07/22 21:53:17:[Info] Pos of biggest area: 22
2014/07/22 21:53:17:[Info] Areas in total: 56
2014/07/22 21:54:12:[Info] Application started
2014/07/22 21:54:12:[Info] Debugging enabled
2014/07/22 21:54:12:[Info] Image loaded successfully
2014/07/22 21:54:12:[Info] #Max entries: 2653 
2014/07/22 21:54:12:[Info] Pos of biggest area: 22
2014/07/22 21:54:12:[Info] Areas in total: 56
2014/07/22 21:54:45:[Info] Application started
2014/07/22 21:54:45:[Info] Debugging enabled
2014/07/22 21:54:45:[Info] Image loaded successfully
2014/07/22 21:54:45:[Info] #Max entries: 2653 
2014/07/22 21:54:45:[Info] Pos of biggest area: 22
2014/07/22 21:54:45:[Info] Areas in total: 56
2014/07/22 21:55:22:[Info] Application started
2014/07/22 21:55:22:[Info] Debugging enabled
2014/07/22 21:55:22:[Info] Image loaded successfully
2014/07/22 21:55:22:[Info] #Max entries: 2653 
2014/07/22 21:55:22:[Info] Pos of biggest area: 22
2014/07/22 21:55:22:[Info] Areas in total: 56
2014/07/22 21:55:37:[Info] Application started
2014/07/22 21:55:37:[Info] Debugging enabled
2014/07/22 21:55:37:[Info] Image loaded successfully
2014/07/22 21:55:37:[Info] #Max entries: 2653 
2014/07/22 21:55:37:[Info] Pos of biggest area: 22
2014/07/22 21:55:37:[Info] Areas in total: 56
2014/07/22 21:56:05:[Info] Application started
2014/07/22 21:56:05:[Info] Debugging enabled
2014/07/22 21:56:05:[Info] Image loaded successfully
2014/07/22 21:56:05:[Info] #Max entries: 2653 
2014/07/22 21:56:05:[Info] Pos of biggest area: 22
2014/07/22 21:56:05:[Info] Areas in total: 56
2014/07/22 21:56:46:[Info] Application started
2014/07/22 21:56:46:[Info] Debugging enabled
2014/07/22 21:56:46:[Info] Image loaded successfully
2014/07/22 21:56:46:[Info] #Max entries: 2653 
2014/07/22 21:56:46:[Info] Pos of biggest area: 22
2014/07/22 21:56:46:[Info] Areas in total: 56
2014/07/22 21:57:10:[Info] Application started
2014/07/22 21:57:10:[Info] Debugging enabled
2014/07/22 21:57:10:[Info] Image loaded successfully
2014/07/22 21:57:10:[Info] #Max entries: 2653 
2014/07/22 21:57:10:[Info] Pos of biggest area: 22
2014/07/22 21:57:10:[Info] Areas in total: 56
2014/07/22 21:57:41:[Info] Application started
2014/07/22 21:57:41:[Info] Debugging enabled
2014/07/22 21:57:41:[Info] Image loaded successfully
2014/07/22 21:57:41:[Info] #Max entries: 2653 
2014/07/22 21:57:41:[Info] Pos of biggest area: 22
2014/07/22 21:57:41:[Info] Areas in total: 56
2014/07/22 21:57:59:[Info] Application started
2014/07/22 21:57:59:[Info] Debugging enabled
2014/07/22 21:57:59:[Info] Image loaded successfully
2014/07/22 21:57:59:[Info] #Max entries: 2653 
2014/07/22 21:57:59:[Info] Pos of biggest area: 22
2014/07/22 21:57:59:[Info] Areas in total: 56
2014/07/22 22:06:53:[[31mInfo] Application started
2014/07/22 22:06:53:[[31mInfo] Debugging enabled
2014/07/22 22:06:53:[[31mInfo] Image loaded successfully
2014/07/22 22:06:54:[[31mInfo] #Max entries: 2653 
2014/07/22 22:06:54:[[31mInfo] Pos of biggest area: 22
2014/07/22 22:06:54:[[31mInfo] Areas in total: 56
2014/07/22 22:11:21:[Info] Application started
2014/07/22 22:11:21:[Info] Debugging enabled
2014/07/22 22:11:21:[Info] Image loaded successfully
2014/07/22 22:11:21:[Info] #Max entries: 2653 
2014/07/22 22:11:21:[Info] Pos of biggest area: 22
2014/07/22 22:11:21:[Info] Areas in total: 56
2014/07/22 22:11:40:[Info] Application started
2014/07/22 22:11:40:[Info] Debugging enabled
2014/07/22 22:11:40:[Info] Image loaded successfully
2014/07/22 22:11:40:[Info] #Max entries: 2653 
2014/07/22 22:11:40:[Info] Pos of biggest area: 22
2014/07/22 22:11:40:[Info] Areas in total: 56
2014/07/22 22:13:15:[Info] Application started
2014/07/22 22:13:15:[Info] Debugging enabled
2014/07/22 22:13:15:[Info] Image loaded successfully
2014/07/22 22:13:15:[Info] #Max entries: 2653 
2014/07/22 22:13:15:[Info] Pos of biggest area: 22
2014/07/22 22:13:15:[Info] Areas in total: 56
2014/07/22 22:26:19:[Info] Application started
2014/07/22 22:26:19:[Info] Debugging enabled
2014/07/22 22:26:19:[Info] Image loaded successfully
2014/07/22 22:26:19:[Info] #Max entries: 2653 
2014/07/22 22:26:19:[Info] Pos of biggest area: 22
2014/07/22 22:26:19:[Info] Areas in total: 56
2014/07/23 01:11:12:[Info] Application started
2014/07/23 01:11:12:[Info] Debugging enabled
2014/07/23 01:11:12:[Info] Dashpi loaded successfully!
2014/07/23 01:11:12:[Info] Image loaded successfully
2014/07/23 01:11:12:[Info] #Max entries: 2653 
2014/07/23 01:11:12:[Info] Pos of biggest area: 22
2014/07/23 01:11:12:[Info] Areas in total: 56
2014/07/23 01:52:19:[Info] Application started
2014/07/23 01:52:19:[Info] Debugging enabled
2014/07/23 01:52:19:[Info] Dashpi loaded successfully!
2014/07/23 01:52:19:[Info] Image loaded successfully
2014/07/23 01:52:19:[Info] #Max entries: 2653 
2014/07/23 01:52:19:[Info] Pos of biggest area: 22
2014/07/23 01:52:19:[Info] Areas in total: 56
2014/07/23 15:33:30:[Info] Application started
2014/07/23 15:33:30:[Info] Debugging enabled
2014/07/23 15:33:30:[Info] Dashpi loaded successfully!
2014/07/23 15:33:30:[Info] Image loaded successfully
2014/07/23 15:33:30:[Info] #Max entries: 2653 
2014/07/23 15:33:30:[Info] Pos of biggest area: 22
2014/07/23 15:33:30:[Info] Areas in total: 56
2014/07/23 15:34:17:[Info] Application started
2014/07/23 15:34:17:[Info] Debugging enabled
2014/07/23 15:34:17:[Info] Dashpi loaded successfully!
2014/07/23 15:34:17:[Info] Image loaded successfully
2014/07/23 15:34:17:[Info] #Max entries: 2653 
2014/07/23 15:34:17:[Info] Pos of biggest area: 22
2014/07/23 15:34:17:[Info] Areas in total: 56
2014/07/23 15:34:50:[Info] Application started
2014/07/23 15:34:50:[Info] Debugging enabled
2014/07/23 15:34:50:[Info] Dashpi loaded successfully!
2014/07/23 15:34:50:[Info] Image loaded successfully
2014/07/23 15:34:54:[Info] Application started
2014/07/23 15:34:54:[Info] Debugging enabled
2014/07/23 15:34:54:[Info] Dashpi loaded successfully!
2014/07/23 15:34:54:[Info] Image loaded successfully
2014/07/23 15:36:33:[Info] Application started
2014/07/23 15:36:33:[Info] Debugging enabled
2014/07/23 15:36:33:[Info] Dashpi loaded successfully!
2014/07/23 15:36:33:[Info] Image loaded successfully
2014/07/23 15:36:33:[Info] #Max entries: 0 
2014/07/23 15:36:33:[Info] Pos of biggest area: 0
2014/07/23 15:36:33:[Info] Areas in total: 1
2014/07/23 15:37:22:[Info] Application started
2014/07/23 15:37:22:[Info] Debugging enabled
2014/07/23 15:37:22:[Info] Dashpi loaded successfully!
2014/07/23 15:37:22:[Info] Image loaded successfully
2014/07/23 15:37:33:[Info] Application started
2014/07/23 15:37:33:[Info] Debugging enabled
2014/07/23 15:37:33:[Info] Dashpi loaded successfully!
2014/07/23 15:37:33:[Info] Image loaded successfully
2014/07/23 15:39:35:[Info] Application started
2014/07/23 15:39:35:[Info] Debugging enabled
2014/07/23 15:39:35:[Info] Dashpi loaded successfully!
2014/07/23 15:39:35:[Info] Image loaded successfully
2014/07/23 15:39:35:[Info] #Max entries: 20847 
2014/07/23 15:39:35:[Info] Pos of biggest area: 56
2014/07/23 15:39:35:[Info] Areas in total: 364
2014/07/23 15:40:32:[Info] Application started
2014/07/23 15:40:32:[Info] Debugging enabled
2014/07/23 15:40:32:[Info] Dashpi loaded successfully!
2014/07/23 15:40:32:[Info] Image loaded successfully
2014/07/23 15:40:32:[Info] #Max entries: 20847 
2014/07/23 15:40:32:[Info] Pos of biggest area: 56
2014/07/23 15:40:32:[Info] Areas in total: 364
2014/07/23 15:40:56:[Info] Application started
2014/07/23 15:40:56:[Info] Debugging enabled
2014/07/23 15:40:56:[Info] Dashpi loaded successfully!
2014/07/23 15:40:56:[Info] Image loaded successfully
2014/07/23 15:40:56:[Info] #Max entries: 20847 
2014/07/23 15:40:56:[Info] Pos of biggest area: 56
2014/07/23 15:40:56:[Info] Areas in total: 364
2014/07/23 15:41:16:[Info] Application started
2014/07/23 15:41:16:[Info] Debugging enabled
2014/07/23 15:41:16:[Info] Dashpi loaded successfully!
2014/07/23 15:41:16:[Info] Image loaded successfully
2014/07/23 15:41:16:[Info] #Max entries: 20847 
2014/07/23 15:41:16:[Info] Pos of biggest area: 56
2014/07/23 15:41:16:[Info] Areas in total: 364
2014/07/23 15:41:24:[Info] Application started
2014/07/23 15:41:24:[Info] Debugging enabled
2014/07/23 15:41:24:[Info] Dashpi loaded successfully!
2014/07/23 15:41:24:[Info] Image loaded successfully
2014/07/23 15:41:24:[Info] #Max entries: 20847 
2014/07/23 15:41:24:[Info] Pos of biggest area: 56
2014/07/23 15:41:24:[Info] Areas in total: 364
2014/07/23 15:42:01:[Info] Application started
2014/07/23 15:42:01:[Info] Debugging enabled
2014/07/23 15:42:01:[Info] Dashpi loaded successfully!
2014/07/23 15:42:01:[Info] Image loaded successfully
2014/07/23 15:42:01:[Info] #Max entries: 20847 
2014/07/23 15:42:01:[Info] Pos of biggest area: 56
2014/07/23 15:42:01:[Info] Areas in total: 364
2014/07/23 15:44:40:[Info] Application started
2014/07/23 15:44:40:[Info] Debugging enabled
2014/07/23 15:44:40:[Info] Dashpi loaded successfully!
2014/07/23 15:44:40:[Info] Image loaded successfully
2014/07/23 15:44:40:[Info] #Max entries: 20847 
2014/07/23 15:44:40:[Info] Pos of biggest area: 56
2014/07/23 15:44:40:[Info] Areas in total: 364
2014/07/23 15:44:40:[Info] Highlighting POIs in [1;103mYELLOW[0m and the biggest AOI in [1;105mPINK[0m.
2014/07/23 15:45:19:[Info] Application started
2014/07/23 15:45:19:[Info] Debugging enabled
2014/07/23 15:45:19:[Info] Dashpi loaded successfully!
2014/07/23 15:45:19:[Info] Image loaded successfully
2014/07/23 15:45:19:[Info] #Max entries: 20847 
2014/07/23 15:45:19:[Info] Pos of biggest area: 56
2014/07/23 15:45:19:[Info] Areas in total: 364
2014/07/23 15:45:19:[Info] Highlighting POIs in [1;43mYELLOW[0m and the biggest AOI in [1;45mPINK[0m.
2014/07/23 15:47:04:[Info] Application started
2014/07/23 15:47:04:[Info] Debugging enabled
2014/07/23 15:47:04:[Info] Dashpi loaded successfully!
2014/07/23 15:47:04:[Info] Image loaded successfully
2014/07/23 15:47:05:[Info] #Max entries: 20847 
2014/07/23 15:47:05:[Info] Pos of biggest area: 56
2014/07/23 15:47:05:[Info] Areas in total: 364
2014/07/23 15:47:05:[Info] Highlighting POIs in [1;43mYELLOW[0m and the biggest AOI in [1;45mPINK[0m.
2014/07/23 15:47:05:[Info] Possible AOIs are highlighted in [1;44mBLUE[0m.
2014/07/23 15:47:13:[Info] Application started
2014/07/23 15:47:13:[Info] Debugging enabled
2014/07/23 15:47:13:[Info] Dashpi loaded successfully!
2014/07/23 15:47:13:[Info] Image loaded successfully
2014/07/23 15:47:13:[Info] #Max entries: 20847 
2014/07/23 15:47:13:[Info] Pos of biggest area: 56
2014/07/23 15:47:13:[Info] Areas in total: 364
2014/07/23 15:47:13:[Info] Highlighting POIs in [1;43mYELLOW[0m and the biggest AOI in [1;45mPINK[0m.
2014/07/23 15:47:13:[Info] Possible AOIs are highlighted in [1;44mBLUE[0m.
2014/07/23 15:50:16:[Info] Application started
2014/07/23 15:50:16:[Info] Debugging enabled
2014/07/23 15:50:16:[Info] Dashpi loaded successfully!
2014/07/23 15:50:16:[Info] Image loaded successfully
2014/07/23 15:50:16:[Info] #Max entries: 20847 
2014/07/23 15:50:16:[Info] Pos of biggest area: 56
2014/07/23 15:50:16:[Info] Areas in total: 364
2014/07/23 15:50:16:[Info] Highlighting POIs in [1;43mYELLOW[0m and the biggest AOI in [1;45mPINK[0m.
2014/07/23 15:50:16:[Info] Possible AOIs are highlighted in [1;44mBLUE[0m.
2014/07/23 15:50:32:[Info] Application started
2014/07/23 15:50:32:[Info] Debugging enabled
2014/07/23 15:50:32:[Info] Dashpi loaded successfully!
2014/07/23 15:50:32:[Info] Image loaded successfully
2014/07/23 15:50:32:[Info] #Max entries: 20847 
2014/07/23 15:50:32:[Info] Pos of biggest area: 56
2014/07/23 15:50:32:[Info] Areas in total: 364
2014/07/23 15:50:32:[Info] Highlighting POIs in [1;43mYELLOW[0m and the biggest AOI in [1;45mPINK[0m.
2014/07/23 15:50:32:[Info] Possible AOIs are highlighted in [1;44mBLUE[0m.
2014/07/23 15:50:45:[Info] Application started
2014/07/23 15:50:45:[Info] Debugging enabled
2014/07/23 15:50:45:[Info] Dashpi loaded successfully!
2014/07/23 15:50:45:[Info] Image loaded successfully
2014/07/23 15:50:45:[Info] #Max entries: 20847 
2014/07/23 15:50:45:[Info] Pos of biggest area: 56
2014/07/23 15:50:45:[Info] Areas in total: 364
2014/07/23 15:50:45:[Info] Highlighting POIs in [1;43mYELLOW[0m and the biggest AOI in [1;45mPINK[0m.
2014/07/23 15:50:45:[Info] Possible AOIs are highlighted in [1;44mBLUE[0m.
2014/07/23 15:50:56:[Info] Application started
2014/07/23 15:50:56:[Info] Debugging enabled
2014/07/23 15:50:56:[Info] Dashpi loaded successfully!
2014/07/23 15:50:56:[Info] Image loaded successfully
2014/07/23 15:50:56:[Info] #Max entries: 20847 
2014/07/23 15:50:56:[Info] Pos of biggest area: 56
2014/07/23 15:50:56:[Info] Areas in total: 364
2014/07/23 15:50:56:[Info] Highlighting POIs in [1;43mYELLOW[0m and the biggest AOI in [1;45mPINK[0m.
2014/07/23 15:50:56:[Info] Possible AOIs are highlighted in [1;44mBLUE[0m.
2014/07/23 15:51:34:[Info] Application started
2014/07/23 15:51:34:[Info] Debugging enabled
2014/07/23 15:51:34:[Info] Dashpi loaded successfully!
2014/07/23 15:51:34:[Info] Image loaded successfully
2014/07/23 15:51:34:[Info] #Max entries: 1861 
2014/07/23 15:51:34:[Info] Pos of biggest area: 23
2014/07/23 15:51:34:[Info] Areas in total: 25
2014/07/23 15:51:34:[Info] Highlighting POIs in [1;43mYELLOW[0m and the biggest AOI in [1;45mPINK[0m.
2014/07/23 15:51:34:[Info] Possible AOIs are highlighted in [1;44mBLUE[0m.
2014/07/23 15:51:39:[Info] Application started
2014/07/23 15:51:39:[Info] Debugging enabled
2014/07/23 15:51:39:[Info] Dashpi loaded successfully!
2014/07/23 15:51:39:[Info] Image loaded successfully
2014/07/23 15:51:39:[Info] #Max entries: 1861 
2014/07/23 15:51:39:[Info] Pos of biggest area: 23
2014/07/23 15:51:39:[Info] Areas in total: 25
2014/07/23 15:51:39:[Info] Highlighting POIs in [1;43mYELLOW[0m and the biggest AOI in [1;45mPINK[0m.
2014/07/23 15:51:39:[Info] Possible AOIs are highlighted in [1;44mBLUE[0m.
2014/07/23 15:52:14:[Info] Application started
2014/07/23 15:52:14:[Info] Debugging enabled
2014/07/23 15:52:14:[Info] Dashpi loaded successfully!
2014/07/23 15:52:14:[Info] Image loaded successfully
2014/07/23 15:52:14:[Info] #Max entries: 1861 
2014/07/23 15:52:14:[Info] Pos of biggest area: 23
2014/07/23 15:52:14:[Info] Areas in total: 25
2014/07/23 15:52:14:[Info] Highlighting POIs in [1;43mYELLOW[0m and the biggest AOI in [1;45mPINK[0m.
2014/07/23 15:52:14:[Info] Possible AOIs are highlighted in [1;44mBLUE[0m.
2014/07/23 15:52:34:[Info] Application started
2014/07/23 15:52:34:[Info] Debugging enabled
2014/07/23 15:52:34:[Info] Dashpi loaded successfully!
2014/07/23 15:52:34:[Info] Image loaded successfully
2014/07/23 15:52:34:[Info] #Max entries: 2653 
2014/07/23 15:52:34:[Info] Pos of biggest area: 22
2014/07/23 15:52:34:[Info] Areas in total: 56
2014/07/23 15:52:34:[Info] Highlighting POIs in [1;43mYELLOW[0m and the biggest AOI in [1;45mPINK[0m.
2014/07/23 15:52:34:[Info] Possible AOIs are highlighted in [1;44mBLUE[0m.
2014/07/23 15:53:02:[Info] Application started
2014/07/23 15:53:02:[Info] Debugging enabled
2014/07/23 15:53:02:[Info] Dashpi loaded successfully!
2014/07/23 15:53:02:[Info] Image loaded successfully
2014/07/23 15:53:02:[Info] #Max entries: 2653 
2014/07/23 15:53:02:[Info] Pos of biggest area: 22
2014/07/23 15:53:02:[Info] Areas in total: 56
2014/07/23 15:53:02:[Info] Highlighting POIs in [1;43mYELLOW[0m and the biggest AOI in [1;45mPINK[0m.
2014/07/23 15:53:02:[Info] Possible AOIs are highlighted in [1;44mBLUE[0m.
2014/07/23 15:53:14:[Info] Application started
2014/07/23 15:53:14:[Info] Debugging enabled
2014/07/23 15:53:14:[Info] Dashpi loaded successfully!
2014/07/23 15:53:14:[Info] Image loaded successfully
2014/07/23 15:53:14:[Info] #Max entries: 2653 
2014/07/23 15:53:14:[Info] Pos of biggest area: 22
2014/07/23 15:53:14:[Info] Areas in total: 56
2014/07/23 15:53:14:[Info] Highlighting POIs in [1;43mYELLOW[0m and the biggest AOI in [1;45mPINK[0m.
2014/07/23 15:53:14:[Info] Possible AOIs are highlighted in [1;44mBLUE[0m.
2014/07/23 15:53:24:[Info] Application started
2014/07/23 15:53:24:[Info] Debugging enabled
2014/07/23 15:53:24:[Info] Dashpi loaded successfully!
2014/07/23 15:53:24:[Info] Image loaded successfully
2014/07/23 15:53:24:[Info] #Max entries: 20847 
2014/07/23 15:53:24:[Info] Pos of biggest area: 56
2014/07/23 15:53:24:[Info] Areas in total: 364
2014/07/23 15:53:24:[Info] Highlighting POIs in [1;43mYELLOW[0m and the biggest AOI in [1;45mPINK[0m.
2014/07/23 15:53:24:[Info] Possible AOIs are highlighted in [1;44mBLUE[0m.
2014/07/23 15:53:36:[Info] Application started
2014/07/23 15:53:36:[Info] Debugging enabled
2014/07/23 15:53:36:[Info] Dashpi loaded successfully!
2014/07/23 15:53:36:[Info] Image loaded successfully
2014/07/23 15:53:36:[Info] #Max entries: 2520 
2014/07/23 15:53:36:[Info] Pos of biggest area: 1
2014/07/23 15:53:36:[Info] Areas in total: 33
2014/07/23 15:53:36:[Info] Highlighting POIs in [1;43mYELLOW[0m and the biggest AOI in [1;45mPINK[0m.
2014/07/23 15:53:36:[Info] Possible AOIs are highlighted in [1;44mBLUE[0m.
2014/07/23 15:53:45:[Info] Application started
2014/07/23 15:53:45:[Info] Debugging enabled
2014/07/23 15:53:45:[Info] Dashpi loaded successfully!
2014/07/23 15:53:45:[Info] Image loaded successfully
2014/07/23 15:53:45:[Info] #Max entries: 2497 
2014/07/23 15:53:45:[Info] Pos of biggest area: 1
2014/07/23 15:53:45:[Info] Areas in total: 33
2014/07/23 15:53:45:[Info] Highlighting POIs in [1;43mYELLOW[0m and the biggest AOI in [1;45mPINK[0m.
2014/07/23 15:53:45:[Info] Possible AOIs are highlighted in [1;44mBLUE[0m.
2014/07/23 15:54:07:[Info] Application started
2014/07/23 15:54:07:[Info] Debugging enabled
2014/07/23 15:54:07:[Info] Dashpi loaded successfully!
2014/07/23 15:54:07:[Info] Image loaded successfully
2014/07/23 15:54:07:[Info] #Max entries: 1861 
2014/07/23 15:54:07:[Info] Pos of biggest area: 23
2014/07/23 15:54:07:[Info] Areas in total: 25
2014/07/23 15:54:07:[Info] Highlighting POIs in [1;43mYELLOW[0m and the biggest AOI in [1;45mPINK[0m.
2014/07/23 15:54:07:[Info] Possible AOIs are highlighted in [1;44mBLUE[0m.
2014/07/23 15:54:16:[Info] Application started
2014/07/23 15:54:16:[Info] Debugging enabled
2014/07/23 15:54:16:[Info] Dashpi loaded successfully!
2014/07/23 15:54:16:[Info] Image loaded successfully
2014/07/23 15:54:16:[Info] #Max entries: 2653 
2014/07/23 15:54:16:[Info] Pos of biggest area: 22
2014/07/23 15:54:16:[Info] Areas in total: 56
2014/07/23 15:54:16:[Info] Highlighting POIs in [1;43mYELLOW[0m and the biggest AOI in [1;45mPINK[0m.
2014/07/23 15:54:16:[Info] Possible AOIs are highlighted in [1;44mBLUE[0m.
2014/07/23 15:54:29:[Info] Application started
2014/07/23 15:54:29:[Info] Debugging enabled
2014/07/23 15:54:29:[Info] Dashpi loaded successfully!
2014/07/23 15:54:29:[Info] Image loaded successfully
2014/07/23 15:54:29:[Info] #Max entries: 20847 
2014/07/23 15:54:29:[Info] Pos of biggest area: 56
2014/07/23 15:54:29:[Info] Areas in total: 364
2014/07/23 15:54:29:[Info] Highlighting POIs in [1;43mYELLOW[0m and the biggest AOI in [1;45mPINK[0m.
2014/07/23 15:54:29:[Info] Possible AOIs are highlighted in [1;44mBLUE[0m.
2014/07/25 02:20:50:[Info] Application started
2014/07/25 02:20:51:[Info] Debugging enabled
2014/07/25 02:20:51:[Info] Dashpi loaded successfully!
2014/07/25 02:20:51:[Info] Image loaded successfully
2014/07/25 02:22:15:[Info] Application started
2014/07/25 02:22:15:[Info] Debugging enabled
2014/07/25 02:22:15:[Info] Dashpi loaded successfully!
2014/07/25 02:22:15:[Info] Image loaded successfully
2014/07/25 02:22:15:[Info] #Max entries: 20847 
2014/07/25 02:22:15:[Info] Pos of biggest area: 56
2014/07/25 02:22:15:[Info] Areas in total: 364
2014/07/25 02:22:15:[Info] Highlighting POIs in [1;43mYELLOW[0m and the biggest AOI in [1;45mPINK[0m.
2014/07/25 02:22:15:[Info] Possible AOIs are highlighted in [1;44mBLUE[0m.
2014/07/25 02:22:20:[Info] Application started
2014/07/25 02:22:20:[Info] Debugging enabled
2014/07/25 02:22:20:[Info] Dashpi loaded successfully!
2014/07/25 02:22:20:[Info] Image loaded successfully
2014/07/25 02:22:20:[Info] #Max entries: 20847 
2014/07/25 02:22:20:[Info] Pos of biggest area: 56
2014/07/25 02:22:20:[Info] Areas in total: 364
2014/07/25 02:22:20:[Info] Highlighting POIs in [1;43mYELLOW[0m and the biggest AOI in [1;45mPINK[0m.
2014/07/25 02:22:20:[Info] Possible AOIs are highlighted in [1;44mBLUE[0m.
2014/07/25 02:30:17:[Info] Application started
2014/07/25 02:30:17:[Info] Debugging enabled
2014/07/25 02:30:17:[Info] Dashpi loaded successfully!
2014/07/25 02:30:17:[Info] Image loaded successfully
2014/07/25 02:30:18:[Info] #Max entries: 20847 
2014/07/25 02:30:18:[Info] Pos of biggest area: 56
2014/07/25 02:30:18:[Info] Areas in total: 364
2014/07/25 02:30:18:[Info] Highlighting POIs in [1;43mYELLOW[0m and the biggest AOI in [1;45mPINK[0m.
2014/07/25 02:30:18:[Info] Possible AOIs are highlighted in [1;44mBLUE[0m.
2014/07/25 02:30:40:[Info] Application started
2014/07/25 02:30:40:[Info] Debugging enabled
2014/07/25 02:30:40:[Info] Dashpi loaded successfully!
2014/07/25 02:30:40:[Info] Image loaded successfully
2014/07/25 02:30:40:[Info] #Max entries: 20847 
2014/07/25 02:30:40:[Info] Pos of biggest area: 56
2014/07/25 02:30:40:[Info] Areas in total: 364
2014/07/25 02:30:40:[Info] Highlighting POIs in [1;43mYELLOW[0m and the biggest AOI in [1;45mPINK[0m.
2014/07/25 02:30:40:[Info] Possible AOIs are highlighted in [1;44mBLUE[0m.
2014/07/25 02:32:52:[Info] Application started
2014/07/25 02:32:52:[Info] Debugging enabled
2014/07/25 02:32:52:[Info] Dashpi loaded successfully!
2014/07/25 02:32:52:[Info] Image loaded successfully
2014/07/25 02:32:52:[Info] #Max entries: 20847 
2014/07/25 02:32:52:[Info] Pos of biggest area: 56
2014/07/25 02:32:52:[Info] Areas in total: 364
2014/07/25 02:32:52:[Info] Highlighting POIs in [1;43mYELLOW[0m and the biggest AOI in [1;45mPINK[0m.
2014/07/25 02:32:52:[Info] Possible AOIs are highlighted in [1;44mBLUE[0m.
2014/07/25 02:33:40:[Info] Application started
2014/07/25 02:33:40:[Info] Debugging enabled
2014/07/25 02:33:40:[Info] Dashpi loaded successfully!
2014/07/25 02:33:40:[Info] Image loaded successfully
2014/07/25 02:33:40:[Info] #Max entries: 20847 
2014/07/25 02:33:40:[Info] Pos of biggest area: 56
2014/07/25 02:33:40:[Info] Areas in total: 364
2014/07/25 02:33:40:[Info] Highlighting POIs in [1;43mYELLOW[0m and the biggest AOI in [1;45mPINK[0m.
2014/07/25 02:33:40:[Info] Possible AOIs are highlighted in [1;44mBLUE[0m.
2014/07/25 02:34:04:[Info] Application started
2014/07/25 02:34:04:[Info] Debugging enabled
2014/07/25 02:34:04:[Info] Dashpi loaded successfully!
2014/07/25 02:34:04:[Info] Image loaded successfully
2014/07/25 02:34:04:[Info] #Max entries: 20847 
2014/07/25 02:34:04:[Info] Pos of biggest area: 56
2014/07/25 02:34:04:[Info] Areas in total: 364
2014/07/25 02:34:04:[Info] Highlighting POIs in [1;43mYELLOW[0m and the biggest AOI in [1;45mPINK[0m.
2014/07/25 02:34:04:[Info] Possible AOIs are highlighted in [1;44mBLUE[0m.
2014/07/25 02:34:33:[Info] Application started
2014/07/25 02:34:33:[Info] Debugging enabled
2014/07/25 02:34:33:[Info] Dashpi loaded successfully!
2014/07/25 02:34:33:[Info] Image loaded successfully
2014/07/25 02:34:33:[Info] #Max entries: 20847 
2014/07/25 02:34:33:[Info] Pos of biggest area: 56
2014/07/25 02:34:33:[Info] Areas in total: 364
2014/07/25 02:34:33:[Info] Highlighting POIs in [1;43mYELLOW[0m and the biggest AOI in [1;45mPINK[0m.
2014/07/25 02:34:33:[Info] Possible AOIs are highlighted in [1;44mBLUE[0m.
2014/07/25 02:36:06:[Info] Application started
2014/07/25 02:36:06:[Info] Debugging enabled
2014/07/25 02:36:06:[Info] Dashpi loaded successfully!
2014/07/25 02:36:07:[Info] Image loaded successfully
2014/07/25 02:36:07:[Info] #Max entries: 20847 
2014/07/25 02:36:07:[Info] Pos of biggest area: 56
2014/07/25 02:36:07:[Info] Areas in total: 364
2014/07/25 02:36:07:[Info] Highlighting POIs in [1;43mYELLOW[0m and the biggest AOI in [1;45mPINK[0m.
2014/07/25 02:36:07:[Info] Possible AOIs are highlighted in [1;44mBLUE[0m.
2014/07/25 02:36:26:[Info] Application started
2014/07/25 02:36:26:[Info] Debugging enabled
2014/07/25 02:36:26:[Info] Dashpi loaded successfully!
2014/07/25 02:36:26:[Info] Image loaded successfully
2014/07/25 02:36:26:[Info] #Max entries: 20847 
2014/07/25 02:36:26:[Info] Pos of biggest area: 56
2014/07/25 02:36:26:[Info] Areas in total: 364
2014/07/25 02:36:26:[Info] Highlighting POIs in [1;43mYELLOW[0m and the biggest AOI in [1;45mPINK[0m.
2014/07/25 02:36:26:[Info] Possible AOIs are highlighted in [1;44mBLUE[0m.
2014/07/25 02:36:31:[Info] Application started
2014/07/25 02:36:31:[Info] Debugging enabled
2014/07/25 02:36:31:[Info] Dashpi loaded successfully!
2014/07/25 02:36:31:[Info] Image loaded successfully
2014/07/25 02:36:32:[Info] #Max entries: 20847 
2014/07/25 02:36:32:[Info] Pos of biggest area: 56
2014/07/25 02:36:32:[Info] Areas in total: 364
2014/07/25 02:36:32:[Info] Highlighting POIs in [1;43mYELLOW[0m and the biggest AOI in [1;45mPINK[0m.
2014/07/25 02:36:32:[Info] Possible AOIs are highlighted in [1;44mBLUE[0m.
2014/07/25 02:37:15:[Info] Application started
2014/07/25 02:37:15:[Info] Debugging enabled
2014/07/25 02:37:15:[Info] Dashpi loaded successfully!
2014/07/25 02:37:15:[Info] Image loaded successfully
2014/07/25 02:37:15:[Info] #Max entries: 20847 
2014/07/25 02:37:15:[Info] Pos of biggest area: 56
2014/07/25 02:37:15:[Info] Areas in total: 364
2014/07/25 02:37:15:[Info] Highlighting POIs in [1;43mYELLOW[0m and the biggest AOI in [1;45mPINK[0m.
2014/07/25 02:37:15:[Info] Possible AOIs are highlighted in [1;44mBLUE[0m.
2014/07/25 02:37:42:[Info] Application started
2014/07/25 02:37:42:[Info] Debugging enabled
2014/07/25 02:37:42:[Info] Dashpi loaded successfully!
2014/07/25 02:37:42:[Info] Image loaded successfully
2014/07/25 02:37:42:[Info] #Max entries: 20847 
2014/07/25 02:37:42:[Info] Pos of biggest area: 56
2014/07/25 02:37:42:[Info] Areas in total: 364
2014/07/25 02:37:42:[Info] Highlighting POIs in [1;43mYELLOW[0m and the biggest AOI in [1;45mPINK[0m.
2014/07/25 02:37:42:[Info] Possible AOIs are highlighted in [1;44mBLUE[0m.
2014/07/25 14:49:18:[Info] Arguments: 1
2014/07/25 14:49:18:[Info] argv[0] = ./build/main
2014/07/25 14:49:18:[Info] Application started
2014/07/25 14:49:18:[Info] Debugging enabled
2014/07/25 14:49:18:[Info] Dashpi loaded successfully!
2014/07/25 14:49:18:[Info] Image loaded successfully
2014/07/25 14:49:21:[Info] #Max entries: 20847 
2014/07/25 14:49:21:[Info] Pos of biggest area: 56
2014/07/25 14:49:21:[Info] Areas in total: 364
2014/07/25 14:49:21:[Info] Highlighting POIs in [1;43mYELLOW[0m and the biggest AOI in [1;45mPINK[0m.
2014/07/25 14:49:21:[Info] Possible AOIs are highlighted in [1;44mBLUE[0m.
2014/07/25 14:49:40:[Info] Arguments: 1
2014/07/25 14:49:40:[Info] argv[0] = ./build/main
2014/07/25 14:49:40:[Info] Application started
2014/07/25 14:49:40:[Info] Debugging enabled
2014/07/25 14:49:40:[Info] Dashpi loaded successfully!
2014/07/25 14:49:40:[Info] Image loaded successfully
2014/07/25 14:49:40:[Info] #Max entries: 20847 
2014/07/25 14:49:40:[Info] Pos of biggest area: 56
2014/07/25 14:49:40:[Info] Areas in total: 364
2014/07/25 14:49:40:[Info] Highlighting POIs in [1;43mYELLOW[0m and the biggest AOI in [1;45mPINK[0m.
2014/07/25 14:49:40:[Info] Possible AOIs are highlighted in [1;44mBLUE[0m.
2014/07/25 14:49:50:[Info] Arguments: 1
2014/07/25 14:49:50:[Info] argv[0] = ./build/main
2014/07/25 14:49:50:[Info] Application started
2014/07/25 14:49:50:[Info] Debugging enabled
2014/07/25 14:49:50:[Info] Dashpi loaded successfully!
2014/07/25 14:49:50:[Info] Image loaded successfully
2014/07/25 14:49:50:[Info] #Max entries: 20847 
2014/07/25 14:49:50:[Info] Pos of biggest area: 56
2014/07/25 14:49:50:[Info] Areas in total: 364
2014/07/25 14:49:50:[Info] Highlighting POIs in [1;43mYELLOW[0m and the biggest AOI in [1;45mPINK[0m.
2014/07/25 14:49:50:[Info] Possible AOIs are highlighted in [1;44mBLUE[0m.
2014/07/25 14:50:02:[Info] Arguments: 3
2014/07/25 14:50:02:[Info] argv[0] = ./build/main
2014/07/25 14:50:02:[Info] argv[1] = -d
2014/07/25 14:50:02:[Info] argv[2] = aa
2014/07/25 14:50:02:[Info] Application started
2014/07/25 14:50:02:[Info] Debugging enabled
2014/07/25 14:50:02:[Info] Dashpi loaded successfully!
2014/07/25 14:50:02:[Info] Image loaded successfully
2014/07/25 14:50:02:[Info] #Max entries: 20847 
2014/07/25 14:50:02:[Info] Pos of biggest area: 56
2014/07/25 14:50:02:[Info] Areas in total: 364
2014/07/25 14:50:02:[Info] Highlighting POIs in [1;43mYELLOW[0m and the biggest AOI in [1;45mPINK[0m.
2014/07/25 14:50:02:[Info] Possible AOIs are highlighted in [1;44mBLUE[0m.
2014/07/25 15:00:31:[Info] Arguments: 4
2014/07/25 15:00:31:[Info] argv[0] = ./build/main
2014/07/25 15:00:31:[Info] argv[1] = -d
2014/07/25 15:00:31:[Info] argv[2] = -i
2014/07/25 15:00:31:[Info] argv[3] = input/img05.jpg
2014/07/25 15:00:31:[Info] Application started
2014/07/25 15:00:31:[Info] Debugging enabled
2014/07/25 15:00:31:[Info] Dashpi loaded successfully!
2014/07/25 15:00:31:[Info] Image loaded successfully
2014/07/25 15:00:31:[Info] #Max entries: 20847 
2014/07/25 15:00:31:[Info] Pos of biggest area: 56
2014/07/25 15:00:31:[Info] Areas in total: 364
2014/07/25 15:00:31:[Info] Highlighting POIs in [1;43mYELLOW[0m and the biggest AOI in [1;45mPINK[0m.
2014/07/25 15:00:31:[Info] Possible AOIs are highlighted in [1;44mBLUE[0m.
2014/07/25 15:01:16:[Info] Arguments: 4
2014/07/25 15:01:16:[Info] argv[0] = ./build/main
2014/07/25 15:01:16:[Info] argv[1] = -d
2014/07/25 15:01:16:[Info] argv[2] = -i
2014/07/25 15:01:16:[Info] argv[3] = input/img05.jpg
2014/07/25 15:01:16:[Info] Application started
2014/07/25 15:01:16:[Info] Debugging enabled
2014/07/25 15:01:16:[Info] Dashpi loaded successfully!
2014/07/25 15:01:16:[Info] Image loaded successfully
2014/07/25 15:01:16:[Info] #Max entries: 20847 
2014/07/25 15:01:16:[Info] Pos of biggest area: 56
2014/07/25 15:01:16:[Info] Areas in total: 364
2014/07/25 15:01:16:[Info] Highlighting POIs in [1;43mYELLOW[0m and the biggest AOI in [1;45mPINK[0m.
2014/07/25 15:01:16:[Info] Possible AOIs are highlighted in [1;44mBLUE[0m.
2014/07/25 15:01:20:[Info] Arguments: 4
2014/07/25 15:01:20:[Info] argv[0] = ./build/main
2014/07/25 15:01:20:[Info] argv[1] = -d
2014/07/25 15:01:20:[Info] argv[2] = -i
2014/07/25 15:01:20:[Info] argv[3] = input/img05.jp
2014/07/25 15:01:20:[Info] Application started
2014/07/25 15:01:20:[Info] Debugging enabled
2014/07/25 15:01:20:[Info] Dashpi loaded successfully!
2014/07/25 15:01:20:[Error] Could not open or find the image
2014/07/25 15:01:20:[Error] Application closed
2014/07/25 15:01:26:[Info] Arguments: 4
2014/07/25 15:01:26:[Info] argv[0] = ./build/main
2014/07/25 15:01:26:[Info] argv[1] = -d
2014/07/25 15:01:26:[Info] argv[2] = -i
2014/07/25 15:01:26:[Info] argv[3] = input/img05.jpg
2014/07/25 15:01:26:[Info] Application started
2014/07/25 15:01:26:[Info] Debugging enabled
2014/07/25 15:01:26:[Info] Dashpi loaded successfully!
2014/07/25 15:01:26:[Info] Image loaded successfully
2014/07/25 15:01:26:[Info] #Max entries: 20847 
2014/07/25 15:01:26:[Info] Pos of biggest area: 56
2014/07/25 15:01:26:[Info] Areas in total: 364
2014/07/25 15:01:26:[Info] Highlighting POIs in [1;43mYELLOW[0m and the biggest AOI in [1;45mPINK[0m.
2014/07/25 15:01:26:[Info] Possible AOIs are highlighted in [1;44mBLUE[0m.
2014/07/25 15:02:11:[Info] Arguments: 4
2014/07/25 15:02:11:[Info] argv[0] = ./build/main
2014/07/25 15:02:11:[Info] argv[1] = -d
2014/07/25 15:02:11:[Info] argv[2] = -i
2014/07/25 15:02:11:[Info] argv[3] = input/img05.jpg
2014/07/25 15:02:11:[Info] Application started
2014/07/25 15:02:11:[Warning] Debugging enabled
2014/07/25 15:02:11:[Info] Dashpi loaded successfully!
2014/07/25 15:02:11:[Info] Image loaded successfully
2014/07/25 15:02:11:[Info] #Max entries: 20847 
2014/07/25 15:02:11:[Info] Pos of biggest area: 56
2014/07/25 15:02:11:[Info] Areas in total: 364
2014/07/25 15:02:11:[Info] Highlighting POIs in [1;43mYELLOW[0m and the biggest AOI in [1;45mPINK[0m.
2014/07/25 15:02:11:[Info] Possible AOIs are highlighted in [1;44mBLUE[0m.
2014/07/25 15:17:32:[Info] Arguments: 4
2014/07/25 15:17:32:[Info] argv[0] = ./build/main
2014/07/25 15:17:32:[Info] argv[1] = -d
2014/07/25 15:17:32:[Info] argv[2] = -i
2014/07/25 15:17:32:[Info] argv[3] = input/img05.jpg
2014/07/25 15:17:32:[Info] Application started
2014/07/25 15:17:32:[Warning] Debugging enabled
2014/07/25 15:17:32:[Info] Dashpi loaded successfully!
2014/07/25 15:17:32:[Info] Image loaded successfully
2014/07/25 15:17:33:[Info] #Max entries: 20847 
2014/07/25 15:17:33:[Info] Pos of biggest area: 56
2014/07/25 15:17:33:[Info] Areas in total: 364
2014/07/25 15:17:33:[Info] Highlighting POIs in [1;43mYELLOW[0m and the biggest AOI in [1;45mPINK[0m.
2014/07/25 15:17:33:[Info] Possible AOIs are highlighted in [1;44mBLUE[0m.
2014/07/25 15:23:49:[Info] Arguments: 4
2014/07/25 15:23:49:[Info] argv[0] = ./build/main
2014/07/25 15:23:49:[Info] argv[1] = -d
2014/07/25 15:23:49:[Info] argv[2] = -i
2014/07/25 15:23:49:[Info] argv[3] = input/img05.jpg
2014/07/25 15:23:49:[Info] Application started
2014/07/25 15:23:49:[Warning] Debugging enabled
2014/07/25 15:23:49:[Info] Dashpi loaded successfully!
2014/07/25 15:23:49:[Info] Image loaded successfully
2014/07/25 15:23:49:[Info] Press ESC or C to exit
2014/07/25 15:23:49:[Info] Image size: 1280 x 720 
2014/07/25 15:23:49:[Info] Image columns: 1280 Image rows: 720 Image channels: 3 Image type: 
2014/07/25 15:23:49:[Info] #Max entries: 20847 
2014/07/25 15:23:49:[Info] Pos of biggest area: 56
2014/07/25 15:23:49:[Info] Areas in total: 364
2014/07/25 15:23:49:[Info] Highlighting POIs in [1;43mYELLOW[0m and the biggest AOI in [1;45mPINK[0m.
2014/07/25 15:23:49:[Info] Possible AOIs are highlighted in [1;44mBLUE[0m.
2014/07/25 15:32:13:[Info] Arguments: 4
2014/07/25 15:32:13:[Info] argv[0] = ./build/main
2014/07/25 15:32:13:[Info] argv[1] = -d
2014/07/25 15:32:13:[Info] argv[2] = -i
2014/07/25 15:32:13:[Info] argv[3] = input/img05.jpg
2014/07/25 15:32:13:[Info] Application started
2014/07/25 15:32:13:[Warning] Debugging enabled
2014/07/25 15:32:13:[Info] Dashpi loaded successfully!
2014/07/25 15:32:13:[Info] Image columns: 1280 Image rows: 720 Image channels: 3 
2014/07/25 15:32:13:[Info] Image loaded successfully
2014/07/25 15:32:13:[Info] Press ESC or C to exit
2014/07/25 15:32:14:[Info] #Max entries: 20847 
2014/07/25 15:32:14:[Info] Pos of biggest area: 56
2014/07/25 15:32:14:[Info] Areas in total: 364
2014/07/25 15:32:14:[Info] Highlighting POIs in [1;43mYELLOW[0m and the biggest AOI in [1;45mPINK[0m.
2014/07/25 15:32:14:[Info] Possible AOIs are highlighted in [1;44mBLUE[0m.
2014/07/25 15:32:36:[Info] Application closed successfully
2014/07/25 15:37:19:[Info] Arguments: 4
2014/07/25 15:37:19:[Info] argv[0] = ./build/main
2014/07/25 15:37:19:[Info] argv[1] = -d
2014/07/25 15:37:19:[Info] argv[2] = -i
2014/07/25 15:37:19:[Info] argv[3] = input/img06.jpg
2014/07/25 15:37:19:[Info] Application started
2014/07/25 15:37:19:[Warning] Debugging enabled
2014/07/25 15:37:19:[Info] Dashpi loaded successfully!
2014/07/25 15:37:19:[Info] Image columns: 4854 Image rows: 3512 Image channels: 3 
2014/07/25 15:37:19:[Warning] Image resolution bigger than 1280x720!
2014/07/25 15:37:19:[Warning] Analysis may be wrong!
2014/07/25 15:37:19:[Info] Press ESC or C to exit
2014/07/25 15:37:21:[Info] #Max entries: 0 
2014/07/25 15:37:21:[Info] Pos of biggest area: 0
2014/07/25 15:37:21:[Info] Areas in total: 0
2014/07/25 15:37:21:[Info] Highlighting POIs in [1;43mYELLOW[0m and the biggest AOI in [1;45mPINK[0m.
2014/07/25 15:37:21:[Info] Possible AOIs are highlighted in [1;44mBLUE[0m.
2014/07/25 15:37:51:[Info] Application closed successfully
2014/07/25 15:37:57:[Info] Arguments: 4
2014/07/25 15:37:57:[Info] argv[0] = ./build/main
2014/07/25 15:37:57:[Info] argv[1] = -d
2014/07/25 15:37:57:[Info] argv[2] = -i
2014/07/25 15:37:57:[Info] argv[3] = input/img07.jpg
2014/07/25 15:37:57:[Info] Application started
2014/07/25 15:37:57:[Warning] Debugging enabled
2014/07/25 15:37:57:[Info] Dashpi loaded successfully!
2014/07/25 15:37:57:[Info] Image columns: 790 Image rows: 802 Image channels: 3 
2014/07/25 15:37:57:[Error] Image resolution smaller than 1280x720!
2014/07/25 15:37:57:[Error] Application closed!
2014/07/25 15:40:43:[Info] Arguments: 4
2014/07/25 15:40:43:[Info] argv[0] = ./build/main
2014/07/25 15:40:43:[Info] argv[1] = -d
2014/07/25 15:40:43:[Info] argv[2] = -i
2014/07/25 15:40:43:[Info] argv[3] = input/img05.jpg
2014/07/25 15:40:43:[Info] Application started
2014/07/25 15:40:43:[Warning] Debugging enabled
2014/07/25 15:40:43:[Info] Dashpi loaded successfully!
2014/07/25 15:40:43:[Info] Image columns: 1280 Image rows: 720 Image channels: 3 
2014/07/25 15:40:43:[Info] Image loaded successfully
2014/07/25 15:40:43:[Info] Press ESC or C to exit
2014/07/25 15:40:43:[Info] #Max entries: 20847 
2014/07/25 15:40:43:[Info] Pos of biggest area: 56
2014/07/25 15:40:43:[Info] Areas in total: 364
2014/07/25 15:40:43:[Info] Highlighting POIs in [1;43mYELLOW[0m and the biggest AOI in [1;45mPINK[0m.
2014/07/25 15:40:43:[Info] Possible AOIs are highlighted in [1;44mBLUE[0m.
2014/07/25 15:42:08:[Info] Application closed successfully
